<?xml version="1.0" encoding="UTF-8"?>
<!-- Generated by org.testng.reporters.JUnitReportReporter -->
<testsuite skipped="0" hostname="PRO-LAP-241" name="HowAreYou_Tests.HowAreYou_Quiz" tests="1" failures="0" timestamp="14 Aug 2020 13:51:52 GMT" time="136.038" errors="0">
  <testcase name="HowAreQuizTest" time="136.038" classname="HowAreYou_Tests.HowAreYou_Quiz"/>
</testsuite> <!-- HowAreYou_Tests.HowAreYou_Quiz -->
